创建分支:[创建临时分支]并切换到在此分支;结果M	testRun.php
创建分支:[创建临时分支]并切换到在此分支;结果M	testRun.php
创建分支:develop;结果  (use "git pull" to update your local branch)
创建分支:develop;结果  (use "git pull" to update your local branch)
创建分支:develop;结果  (use "git pull" to update your local branch)
创建分支:develop;结果  (use "git pull" to update your local branch)
创建分支:develop;结果M	metaPHP
创建分支:[创建临时分支]并切换到在此分支;结果M	metaPHP
创建分支:develop;结果M	metaPHP
创建分支:[创建临时分支]并切换到在此分支;结果M	metaPHP
创建分支:develop;结果M	metaPHP
创建分支:develop;结果M	metaPHP
创建分支:develop;结果M	metaPHP
创建分支:[创建临时分支]并切换到在此分支;结果M	metaPHP
创建分支:develop;结果M	metaPHP
创建分支:develop;结果M	metaPHP
创建分支:develop;结果M	metaPHP
创建分支:[创建临时分支]并切换到在此分支;结果M	metaPHP
创建分支:develop;结果M	metaPHP
创建分支:develop;结果M	metaPHP
创建分支:develop;结果M	metaPHP
创建分支:develop;结果M	metaPHP
创建分支:develop;结果M	metaPHP
创建分支:develop;结果M	metaPHP
创建分支:develop;结果M	metaPHP
创建分支:develop;结果M	metaPHP
创建分支:develop;结果M	testRun.php
创建分支:develop;结果M	metaPHP
创建分支:develop;结果M	testRun.php
创建分支:develop;结果M	metaPHP
创建分支:develop;结果M	metaPHP
创建分支:develop;结果M	metaPHP
创建分支:develop;结果M	metaPHP
创建分支:develop;结果M	metaPHP
创建分支:develop;结果M	metaPHP
创建分支:develop;结果M	metaPHP
创建分支:develop;结果M	metaPHP
创建分支:develop;结果M	metaPHP
创建分支:develop;结果M	metaPHP
创建分支:develop;结果M	metaPHP
创建分支:develop;结果M	metaPHP
创建分支:develop;结果M	metaPHP
创建分支:develop;结果M	metaPHP
创建分支:develop;结果M	metaPHP
创建分支:develop;结果M	metaPHP
创建分支:develop;结果M	metaPHP
创建分支:develop;结果M	metaPHP
创建分支:develop;结果M	metaPHP
创建分支:develop;结果M	metaPHP
创建分支:develop;结果M	metaPHP
创建分支:develop;结果M	metaPHP
创建分支:develop;结果M	metaPHP
创建分支:develop;结果M	testRun.php
创建分支:develop;结果M	metaPHP
创建分支:develop;结果M	testRun.php
创建分支:develop;结果M	metaPHP
创建分支:develop;结果M	metaPHP
创建分支:develop;结果M	metaPHP
创建分支:develop;结果M	metaPHP
创建分支:develop;结果M	metaPHP
创建分支:develop;结果M	testRun.php
创建分支:develop;结果M	metaPHP
创建分支:develop;结果M	metaPHP
创建分支:develop;结果M	metaPHP
创建分支:develop;结果M	metaPHP
创建分支:develop;结果M	metaPHP
创建分支:develop;结果M	metaPHP
创建分支:develop;结果M	metaPHP
创建分支:develop;结果M	metaPHP
创建分支:develop;结果M	metaPHP
创建分支:develop;结果M	metaPHP
创建分支:develop;结果M	metaPHP
创建分支:develop;结果M	testRun.php
创建分支:develop;结果M	metaPHP
创建分支:develop;结果M	metaPHP
创建分支:develop;结果M	metaPHP
创建分支:develop;结果M	metaPHP
创建分支:develop;结果M	metaPHP
创建分支:develop;结果M	metaPHP
创建分支:develop;结果M	metaPHP
创建分支:develop;结果M	metaPHP
创建分支:develop;结果M	metaPHP
创建分支:develop;结果M	metaPHP
创建分支:develop;结果M	metaPHP
创建分支:develop;结果M	metaPHP
创建分支:develop;结果M	metaPHP
创建分支:develop;结果M	testRun.php
创建分支:develop;结果M	metaPHP
创建分支:develop;结果M	metaPHP
创建分支:develop;结果M	metaPHP
创建分支:develop;结果M	metaPHP
创建分支:develop;结果M	metaPHP
创建分支:develop;结果M	metaPHP
创建分支:develop;结果M	metaPHP
创建分支:develop;结果M	metaPHP
创建分支:develop;结果M	metaPHP
创建分支:develop;结果M	metaPHP
创建分支:develop;结果M	metaPHP
创建分支:develop;结果M	metaPHP
创建分支:develop;结果M	metaPHP
创建分支:develop;结果
创建分支:develop;结果
创建分支:develop;结果
创建分支:develop;结果
创建分支:develop;结果
创建分支:develop;结果
创建分支:develop;结果
创建分支:develop;结果
创建分支:develop;结果
创建分支:develop;结果
创建分支:develop;结果
创建分支:develop;结果
创建分支:develop;结果M	metaPHP
创建分支:develop;结果M	metaPHP
创建分支:develop;结果M	metaPHP
创建分支:develop;结果M	metaPHP
创建分支:develop;结果M	metaPHP
创建分支:develop;结果M	metaPHP
创建分支:develop;结果M	metaPHP
创建分支:develop;结果M	metaPHP
创建分支:develop;结果M	metaPHP
创建分支:develop;结果M	metaPHP
创建分支:develop;结果M	metaPHP
创建分支:develop;结果M	metaPHP
创建分支:develop;结果M	metaPHP
创建分支:develop;结果M	metaPHP
创建分支:develop;结果M	metaPHP
创建分支:develop;结果M	metaPHP
创建分支:develop;结果M	metaPHP
创建分支:develop;结果M	metaPHP
创建分支:develop;结果M	metaPHP
创建分支:develop;结果M	metaPHP
创建分支:develop;结果
创建分支:develop;结果
创建分支:develop;结果
创建分支:develop;结果
创建分支:develop;结果M	metaPHP
创建分支:develop;结果M	metaPHP
创建分支:develop;结果M	metaPHP
创建分支:develop;结果M	metaPHP
创建分支:develop;结果M	metaPHP
创建分支:develop;结果M	metaPHP
创建分支:develop;结果M	metaPHP
创建分支:develop;结果M	metaPHP
创建分支:develop;结果M	metaPHP
创建分支:develop;结果M	metaPHP
创建分支:develop;结果M	metaPHP
创建分支:develop;结果M	metaPHP
创建分支:develop;结果M	metaPHP
创建分支:develop;结果M	metaPHP
创建分支:develop;结果M	metaPHP
创建分支:develop;结果M	metaPHP
创建分支:develop;结果M	metaPHP
创建分支:develop;结果M	metaPHP
创建分支:develop;结果M	testRun.php
创建分支:develop;结果M	testRun.php
创建分支:develop;结果M	testRun.php
创建分支:develop;结果M	testRun.php
创建分支:develop;结果M	testRun.php
创建分支:develop;结果M	testRun.php
创建分支:develop;结果M	testRun.php
创建分支:develop;结果M	testRun.php
创建分支:develop;结果M	testRun.php
创建分支:develop;结果M	testRun.php
创建分支:develop;结果M	testRun.php
创建分支:develop;结果M	testRun.php
创建分支:develop;结果  (use "git pull" to update your local branch)
创建分支:develop;结果  (use "git pull" to update your local branch)
创建分支:develop;结果  (use "git pull" to update your local branch)
创建分支:develop;结果  (use "git pull" to update your local branch)
创建分支:develop;结果M	testRun.php
创建分支:develop;结果M	testRun.php
创建分支:develop;结果M	testRun.php
创建分支:develop;结果M	testRun.php
创建分支:develop;结果M	testRun.php
创建分支:develop;结果M	testRun.php
创建分支:develop;结果M	testRun.php
创建分支:develop;结果M	testRun.php
创建分支:develop;结果M	testRun.php
创建分支:develop;结果M	testRun.php
创建分支:develop;结果M	testRun.php
创建分支:develop;结果M	testRun.php
创建分支:develop;结果M	testRun.php
创建分支:develop;结果M	metaPHP
创建分支:develop;结果M	metaPHP
创建分支:develop;结果M	metaPHP
创建分支:develop;结果M	metaPHP
创建分支:develop;结果M	metaPHP
创建分支:develop;结果M	metaPHP
创建分支:develop;结果M	metaPHP
创建分支:develop;结果M	metaPHP
创建分支:develop;结果M	metaPHP
创建分支:develop;结果M	testRun.php
创建分支:develop;结果M	metaPHP
创建分支:develop;结果M	metaPHP
创建分支:develop;结果M	metaPHP
创建分支:develop;结果M	metaPHP
创建分支:develop;结果M	metaPHP
创建分支:develop;结果M	metaPHP
创建分支:develop;结果M	metaPHP
创建分支:develop;结果M	metaPHP
创建分支:develop;结果M	metaPHP
创建分支:develop;结果M	metaPHP
创建分支:develop;结果M	metaPHP
创建分支:develop;结果M	metaPHP
创建分支:develop;结果M	metaPHP
创建分支:develop;结果M	metaPHP
创建分支:develop;结果M	metaPHP
创建分支:develop;结果M	metaPHP
创建分支:develop;结果M	metaPHP
创建分支:develop;结果M	metaPHP
创建分支:develop;结果M	metaPHP
创建分支:develop;结果M	metaPHP
创建分支:develop;结果M	metaPHP
创建分支:develop;结果M	metaPHP
创建分支:develop;结果M	metaPHP
创建分支:develop;结果M	metaPHP
创建分支:develop;结果M	metaPHP
创建分支:develop;结果M	testRun.php
创建分支:develop;结果M	metaPHP
创建分支:develop;结果M	metaPHP
创建分支:develop;结果M	metaPHP
创建分支:develop;结果M	metaPHP
创建分支:develop;结果M	metaPHP
创建分支:develop;结果M	metaPHP
创建分支:develop;结果M	metaPHP
创建分支:develop;结果M	metaPHP
创建分支:develop;结果M	metaPHP
创建分支:develop;结果M	metaPHP
创建分支:develop;结果M	metaPHP
创建分支:develop;结果M	testRun.php
创建分支:develop;结果M	metaPHP
创建分支:develop;结果M	metaPHP
创建分支:develop;结果M	metaPHP
创建分支:develop;结果M	metaPHP
创建分支:develop;结果M	metaPHP
创建分支:develop;结果M	metaPHP
创建分支:develop;结果M	metaPHP
创建分支:develop;结果M	metaPHP
创建分支:develop;结果M	metaPHP
创建分支:develop;结果M	metaPHP
创建分支:develop;结果M	metaPHP
创建分支:develop;结果M	metaPHP
创建分支:develop;结果M	metaPHP
创建分支:develop;结果M	metaPHP
创建分支:develop;结果M	metaPHP
创建分支:develop;结果M	metaPHP
创建分支:develop;结果M	metaPHP
创建分支:develop;结果M	metaPHP
创建分支:develop;结果M	metaPHP
创建分支:develop;结果M	metaPHP
创建分支:develop;结果M	metaPHP
创建分支:develop;结果M	metaPHP
创建分支:develop;结果M	metaPHP
创建分支:develop;结果M	metaPHP
创建分支:develop;结果M	metaPHP
创建分支:develop;结果M	metaPHP
创建分支:develop;结果M	metaPHP
创建分支:develop;结果M	metaPHP
创建分支:develop;结果M	metaPHP
创建分支:develop;结果M	metaPHP
创建分支:develop;结果M	metaPHP
创建分支:develop;结果M	metaPHP
创建分支:develop;结果M	metaPHP
创建分支:develop;结果M	metaPHP
创建分支:develop;结果M	metaPHP
创建分支:[去掉了ceshi.txt]并切换到在此分支;结果M	metaPHP
创建分支:[去掉了ceshi.txt]并切换到在此分支;结果A	metaPHPCacheFile/mergeBranch.log
创建分支:[去掉了ceshi.txt]并切换到在此分支;结果A	metaPHPCacheFile/mergeBranch.log
创建分支:[去掉了ceshi.txt]并切换到在此分支;结果
创建分支:[去掉了ceshi.txt]并切换到在此分支;结果
创建分支:[去掉了ceshi.txt]并切换到在此分支;结果
创建分支:develop;结果M	metaPHPCacheFile/githubReceive.log
创建分支:[添加一个通用父类]并切换到在此分支;结果M	metaPHPCacheFile/githubReceive.log
创建分支:develop;结果M	metaPHPCacheFile/mergeBranch.log
创建分支:develop;结果M	metaPHPCacheFile/mergeBranch.log
创建分支:develop;结果M	metaPHPCacheFile/githubReceive.log
创建分支:[添加一个通用父类]并切换到在此分支;结果
创建分支:develop;结果M	metaPHPCacheFile/mergeBranch.log
创建分支:develop;结果M	metaPHPCacheFile/mergeBranch.log
创建分支:[添加一个通用父类]并切换到在此分支;结果M	metaPHPCacheFile/mergeBranch.log
创建分支:develop;结果M	metaPHPCacheFile/mergeBranch.log
创建分支:develop;结果M	metaPHPCacheFile/mergeBranch.log
创建分支:[添加一个通用父类]并切换到在此分支;结果M	metaPHPCacheFile/mergeBranch.log
创建分支:develop;结果M	metaPHPCacheFile/mergeBranch.log
创建分支:develop;结果M	metaPHPCacheFile/mergeBranch.log
创建分支:develop;结果M	metaPHPCacheFile/githubReceive.log
创建分支:[添加一个通用父类]并切换到在此分支;结果
创建分支:develop;结果M	metaPHPCacheFile/mergeBranch.log
创建分支:develop;结果M	metaPHPCacheFile/mergeBranch.log
创建分支:develop;结果["M\t.gitmodules","M\tREADME.md","M\tceshi.txt","M\tgithubAction.php","M\tinclude.php","M\tmetaPHP","M\ttestRun.php","M\twikiwebHooks.png"]
创建分支:[删除多余文件]并切换到在此分支;结果["M\t.gitmodules","M\tREADME.md","M\tceshi.txt","M\tgithubAction.php","M\tinclude.php","M\tmetaPHP","M\tmetaPHPCacheFile\/createBranch.log","M\ttestRun.php","M\twikiwebHooks.png"]
创建分支:develop;结果["M\t.gitmodules","M\tREADME.md","D\tceshi.txt","M\tgithubAction.php","M\tinclude.php","M\tmetaPHP","M\tmetaPHPCacheFile\/createBranch.log","M\ttestRun.php","M\twikiwebHooks.png"]
创建分支:develop;结果["M\t.gitmodules","M\tREADME.md","M\tceshi.txt","M\tgithubAction.php","M\tinclude.php","M\tmetaPHP","M\tmetaPHPCacheFile\/createBranch.log","M\tmetaPHPCacheFile\/mergeBranch.log","M\ttestRun.php","M\twikiwebHooks.png"]
创建分支:[删除多余文件]并切换到在此分支;结果["M\t.gitmodules","M\tREADME.md","M\tceshi.txt","M\tgithubAction.php","M\tinclude.php","M\tmetaPHP","M\tmetaPHPCacheFile\/createBranch.log","M\tmetaPHPCacheFile\/mergeBranch.log","M\ttestRun.php","M\twikiwebHooks.png"]
创建分支:develop;结果["M\t.gitmodules","M\tREADME.md","D\tceshi.txt","M\tgithubAction.php","M\tinclude.php","M\tmetaPHP","M\tmetaPHPCacheFile\/createBranch.log","M\tmetaPHPCacheFile\/mergeBranch.log","M\ttestRun.php","M\twikiwebHooks.png"]
创建分支:develop;结果["M\t.gitmodules","M\tREADME.md","D\tceshi.txt","M\tgithubAction.php","M\tinclude.php","M\tmetaPHP","M\tmetaPHPCacheFile\/createBranch.log","M\tmetaPHPCacheFile\/mergeBranch.log","M\ttestRun.php","M\twikiwebHooks.png"]
创建分支:develop;结果["M\t.gitmodules","M\tREADME.md","D\tceshi.txt","M\tgithubAction.php","M\tinclude.php","M\tmetaPHP","M\tmetaPHPCacheFile\/createBranch.log","M\tmetaPHPCacheFile\/mergeBranch.log","M\ttestRun.php","M\twikiwebHooks.png"]
创建分支:develop;结果["M\t.gitmodules","M\tREADME.md","D\tceshi.txt","M\tgithubAction.php","M\tinclude.php","M\tmetaPHP","M\tmetaPHPCacheFile\/createBranch.log","M\tmetaPHPCacheFile\/mergeBranch.log","M\ttestRun.php","M\twikiwebHooks.png"]
创建分支:develop;结果["M\t.gitmodules","M\tREADME.md","D\tceshi.txt","M\tgithubAction.php","M\tinclude.php","M\tmetaPHP","M\tmetaPHPCacheFile\/createBranch.log","M\tmetaPHPCacheFile\/mergeBranch.log","M\ttestRun.php","M\twikiwebHooks.png"]
创建分支:develop;结果["M\t.gitmodules","M\tREADME.md","D\tceshi.txt","M\tgithubAction.php","M\tinclude.php","M\tmetaPHP","M\tmetaPHPCacheFile\/createBranch.log","M\tmetaPHPCacheFile\/mergeBranch.log","M\ttestRun.php","M\twikiwebHooks.png"]
创建分支:develop;结果["M\tceshi.txt","M\tgithubAction.php","M\tmetaPHP","Your branch is ahead of 'origin\/develop' by 1 commit.","  (use \"git push\" to publish your local commits)"]
创建分支:[删除多余文件]并切换到在此分支;结果[]
创建分支:develop;结果["D\tceshi.txt","M\tmetaPHP","Your branch is ahead of 'origin\/develop' by 2 commits.","  (use \"git push\" to publish your local commits)"]
创建分支:develop;结果["D\tceshi.txt","M\tmetaPHP"]
创建分支:develop;结果["D\tceshi.txt","M\tmetaPHP"]
创建分支:develop;结果["M\tmetaPHP","M\tmetaPHPCacheFile\/githubReceive.log"]
创建分支:[删除多余文件]并切换到在此分支;结果[]
创建分支:develop;结果["D\tceshi.txt","M\tmetaPHP","M\tmetaPHPCacheFile\/createBranch.log","M\tmetaPHPCacheFile\/githubReceive.log"]
创建分支:develop;结果["D\tceshi.txt","M\tmetaPHP","M\tmetaPHPCacheFile\/createBranch.log","M\tmetaPHPCacheFile\/githubReceive.log","M\tmetaPHPCacheFile\/mergeBranch.log"]
<<<<<<< HEAD
创建分支:develop;结果["M\tmetaPHP"]
创建分支:develop;结果["M\tmetaPHP","M\tmetaPHPCacheFile\/githubReceive.log"]
创建分支:[删除多余文件]并切换到在此分支;结果[]
创建分支:develop;结果["D\tceshi.txt","M\tmetaPHP","M\tmetaPHPCacheFile\/createBranch.log","M\tmetaPHPCacheFile\/githubReceive.log"]
创建分支:develop;结果["D\tceshi.txt","M\tmetaPHP","M\tmetaPHPCacheFile\/createBranch.log","M\tmetaPHPCacheFile\/githubReceive.log","M\tmetaPHPCacheFile\/mergeBranch.log"]
=======
创建分支:develop;结果["M\tmetaPHP","M\tmetaPHPCacheFile\/githubReceive.log"]
创建分支:[删除多余文件]并切换到在此分支;结果["M\tmetaPHP","M\tmetaPHPCacheFile\/createBranch.log","M\tmetaPHPCacheFile\/githubReceive.log"]
创建分支:develop;结果["M\tmetaPHP","M\tmetaPHPCacheFile\/createBranch.log","M\tmetaPHPCacheFile\/githubReceive.log"]
>>>>>>> 删除多余文件
