 1 file changed, 1 insertion(+), 1 deletion(-)
 1 file changed, 1 insertion(+), 1 deletion(-)
 1 file changed, 1 insertion(+), 1 deletion(-)
 1 file changed, 1 insertion(+), 1 deletion(-)
Submodule path 'metaPHP': checked out 'a79340c9ddaaf3efdb681c9dbf81c89fbe2fc149'
 1 file changed, 1 insertion(+), 4 deletions(-)

Already up-to-date.
Already up-to-date.

Submodule path 'metaPHP': checked out '236bcb4be3669df607ce89f81886399814d52056'
 1 file changed, 9 insertions(+), 9 deletions(-)
Already up-to-date.
 delete mode 100755 include/tempParentClass.php
 1 file changed, 1 insertion(+), 1 deletion(-)
Already up-to-date.
["Already up-to-date."]
<<<<<<< HEAD
["Already up-to-date."]
=======
["Updating 9916e0a..df9b654","Fast-forward"," ceshi.txt | 1 +"," 1 file changed, 1 insertion(+)"," create mode 100644 ceshi.txt"]
>>>>>>> 删除多余文件
