合并分支:创建临时分支;结果Already up-to-date.
合并分支:创建临时分支;结果Already up-to-date.
合并分支:创建临时分支;结果Already up-to-date.
提交代码;结果
合并分支:添加一个通用父类;结果Already up-to-date.
提交代码;结果
提交代码;结果
提交代码;结果
合并分支:添加一个通用父类;结果Already up-to-date.
提交代码;结果
合并分支:添加一个通用父类;结果Already up-to-date.
提交代码;结果
提交代码;结果
合并分支:添加一个通用父类;结果Already up-to-date.
提交代码;结果
提交代码;结果
提交代码;结果
提交代码;结果
合并分支:添加一个通用父类;结果Already up-to-date.
提交代码;结果
提交代码;结果
提交代码;结果
合并分支:删除多余文件;结果["Already up-to-date."]
合并分支:删除多余文件;结果["Already up-to-date."]
提交代码;结果[]
提交代码;结果[]
合并分支:删除多余文件;结果["Already up-to-date."]
合并分支:删除多余文件;结果["Updating f786be1..ffc872a"]
合并分支:删除多余文件;结果["Updating eb19e5c..8b984f0"]
合并分支:删除多余文件;结果[]
提交代码;结果[]
<<<<<<< HEAD
合并分支:删除多余文件;结果["Updating df9b654..cbf5a43"]
合并分支:删除多余文件;结果[]
提交代码;结果[]
=======
合并分支:删除多余文件;结果["Already up-to-date."]
>>>>>>> 删除多余文件
